<?xml version="1.0" encoding="UTF-8"?>
<!-- Generated by org.testng.reporters.JUnitXMLReporter -->
<testsuite ignored="0" hostname="DVTLF7KCHC2" failures="0" tests="3" name="Test" time="6.814" errors="0" timestamp="2022-05-18T18:53:12 CEST">
  <testcase classname="testsDemoWebShop.TestsDemoWebShop" name="GIVEN_ShopperOnLandingPage_WHEN_TopMenuBar_THEN_SelectedCategoryPageDisplayed" time="1.631"/>
  <testcase classname="testsDemoWebShop.TestsDemoWebShop" name="GIVEN_ShopperOnLandingPage_WHEN_TopMenuBar_THEN_SelectedCategoryPageDisplayed" time="1.637"/>
  <testcase classname="testsDemoWebShop.TestsDemoWebShop" name="GIVEN_ShopperOnLandingPage_WHEN_TopMenuBar_THEN_SelectedCategoryPageDisplayed" time="1.238"/>
</testsuite> <!-- Test -->
