<?xml version="1.0" encoding="UTF-8"?>
<!-- Generated by org.testng.reporters.JUnitXMLReporter -->
<testsuite ignored="2" hostname="DVTLF7KCHC2" failures="0" tests="1" name="Default test" time="3.615" errors="0" timestamp="2022-05-22T08:58:10 CEST">
  <testcase classname="testsDemoWebShop.TestsDemoWebShop" name="GIVEN_CartnotEmpty_WHEN_GoToCart_THEN_UpdateQty" time="3.547"/>
  <testcase classname="testsDemoWebShop.TestsDemoWebShop" name="GIVEN_ShopperOnLandingPage_WHEN_TopMenuBar_THEN_SelectedCategoryPageDisplayed" time="0.0">
    <ignored/>
  </testcase> <!-- GIVEN_ShopperOnLandingPage_WHEN_TopMenuBar_THEN_SelectedCategoryPageDisplayed -->
  <testcase classname="testsDemoWebShop.TestsDemoWebShop" name="GIVEN_ShopperOnLandingPage_WHEN_CategoriesList_THEN_SelectedCategoryPageDisplayed" time="0.0">
    <ignored/>
  </testcase> <!-- GIVEN_ShopperOnLandingPage_WHEN_CategoriesList_THEN_SelectedCategoryPageDisplayed -->
</testsuite> <!-- Default test -->
