<?xml version="1.0" encoding="UTF-8"?>
<!-- Generated by org.testng.reporters.JUnitXMLReporter -->
<testsuite ignored="5" hostname="DVTLF7KCHC2" failures="0" tests="1" name="Default test" time="21.894" errors="0" timestamp="2022-06-18T08:15:54 CEST">
  <testcase classname="testsDemoWebShop.TestsDemoWebShop" name="GIVEN_ShopperOnLandingPage_WHEN_SelectTwoItems_THEN_CompareItems" time="21.804"/>
  <testcase classname="testsDemoWebShop.TestsDemoWebShop" name="GIVEN_ShopperOnLandingPage_WHEN_CategoriesList_THEN_SelectedCategoryPageDisplayed" time="0.0">
    <ignored/>
  </testcase> <!-- GIVEN_ShopperOnLandingPage_WHEN_CategoriesList_THEN_SelectedCategoryPageDisplayed -->
  <testcase classname="testsDemoWebShop.TestsDemoWebShop" name="GIVEN_ShopperOnLandingPage_WHEN_TopMenuBar_THEN_SelectedCategoryPageDisplayed" time="0.0">
    <ignored/>
  </testcase> <!-- GIVEN_ShopperOnLandingPage_WHEN_TopMenuBar_THEN_SelectedCategoryPageDisplayed -->
  <testcase classname="testsDemoWebShop.TestsDemoWebShop" name="GIVEN_CartnotEmpty_WHEN_GoToCart_THEN_Remove" time="0.0">
    <ignored/>
  </testcase> <!-- GIVEN_CartnotEmpty_WHEN_GoToCart_THEN_Remove -->
  <testcase classname="testsDemoWebShop.TestsDemoWebShop" name="GIVEN_CartnotEmpty_WHEN_GoToCart_THEN_UpdateQty" time="0.0">
    <ignored/>
  </testcase> <!-- GIVEN_CartnotEmpty_WHEN_GoToCart_THEN_UpdateQty -->
  <testcase classname="testsDemoWebShop.TestsDemoWebShop" name="GIVEN_CartnotEmpty_WHEN_GoToCart_THEN_EstimateSHipping" time="0.0">
    <ignored/>
  </testcase> <!-- GIVEN_CartnotEmpty_WHEN_GoToCart_THEN_EstimateSHipping -->
</testsuite> <!-- Default test -->
