<?xml version="1.0" encoding="UTF-8"?>
<testng-results ignored="5" total="8" passed="3" failed="0" skipped="0">
  <reporter-output>
    <line>
      <![CDATA[User Story 2: Browse using the categories list]]>
    </line>
    <line>
      <![CDATA[Description : Books - Contains Category - Books]]>
    </line>
    <line>
      <![CDATA[Cart QTY = 1]]>
    </line>
    <line>
      <![CDATA[<a href='C:\AutoProgram\antoinetteExamEvalution\antoinetteExamEvalution\target\surefire-reports-20220624053735\imagesOn test Success074808.png'> <img src='C:\AutoProgram\antoinetteExamEvalution\antoinetteExamEvalution\target\surefire-reports-20220624053735\imagesOn test Success074808.png' height='200' with='200'/> </a>]]>
    </line>
    <line>
      <![CDATA[User Story 2: Browse using the categories list]]>
    </line>
    <line>
      <![CDATA[Description : Apparel & Shoes - Contains Category - Apparel & Shoes]]>
    </line>
    <line>
      <![CDATA[Cart QTY = 1]]>
    </line>
    <line>
      <![CDATA[<a href='C:\AutoProgram\antoinetteExamEvalution\antoinetteExamEvalution\target\surefire-reports-20220624053735\imagesOn test Success074811.png'> <img src='C:\AutoProgram\antoinetteExamEvalution\antoinetteExamEvalution\target\surefire-reports-20220624053735\imagesOn test Success074811.png' height='200' with='200'/> </a>]]>
    </line>
    <line>
      <![CDATA[User Story 2: Browse using the categories list]]>
    </line>
    <line>
      <![CDATA[Description : Jewelry - Contains Category - Jewelry]]>
    </line>
    <line>
      <![CDATA[Cart QTY = 1]]>
    </line>
    <line>
      <![CDATA[<a href='C:\AutoProgram\antoinetteExamEvalution\antoinetteExamEvalution\target\surefire-reports-20220624053735\imagesOn test Success074814.png'> <img src='C:\AutoProgram\antoinetteExamEvalution\antoinetteExamEvalution\target\surefire-reports-20220624053735\imagesOn test Success074814.png' height='200' with='200'/> </a>]]>
    </line>
  </reporter-output>
  <suite started-at="2022-06-24T07:48:04 CEST" name="Default suite" finished-at="2022-06-24T07:48:16 CEST" duration-ms="12119">
    <groups>
    </groups>
    <test started-at="2022-06-24T07:48:04 CEST" name="Default test" finished-at="2022-06-24T07:48:16 CEST" duration-ms="12119">
      <class name="testsDemoWebShop.TestsDemoWebShop">
        <test-method is-config="true" signature="navBackHomeStr()[pri:0, instance:testsDemoWebShop.TestsDemoWebShop@e72dba7]" started-at="2022-06-24T07:48:05 CEST" name="navBackHomeStr" finished-at="2022-06-24T07:48:06 CEST" duration-ms="398" status="PASS">
          <reporter-output>
          </reporter-output>
        </test-method> <!-- navBackHomeStr -->
        <test-method signature="GIVEN_ShopperOnLandingPage_WHEN_CategoriesList_THEN_SelectedCategoryPageDisplayed(java.lang.String,java.lang.String)[pri:0, instance:testsDemoWebShop.TestsDemoWebShop@e72dba7]" started-at="2022-06-24T07:48:06 CEST" name="GIVEN_ShopperOnLandingPage_WHEN_CategoriesList_THEN_SelectedCategoryPageDisplayed" data-provider="Selection Category" finished-at="2022-06-24T07:48:08 CEST" duration-ms="2261" status="PASS">
          <params>
            <param index="0">
              <value>
                <![CDATA[Books]]>
              </value>
            </param>
            <param index="1">
              <value>
                <![CDATA[1]]>
              </value>
            </param>
          </params>
          <reporter-output>
            <line>
              <![CDATA[User Story 2: Browse using the categories list]]>
            </line>
            <line>
              <![CDATA[Description : Books - Contains Category - Books]]>
            </line>
            <line>
              <![CDATA[Cart QTY = 1]]>
            </line>
            <line>
              <![CDATA[<a href='C:\AutoProgram\antoinetteExamEvalution\antoinetteExamEvalution\target\surefire-reports-20220624053735\imagesOn test Success074808.png'> <img src='C:\AutoProgram\antoinetteExamEvalution\antoinetteExamEvalution\target\surefire-reports-20220624053735\imagesOn test Success074808.png' height='200' with='200'/> </a>]]>
            </line>
          </reporter-output>
        </test-method> <!-- GIVEN_ShopperOnLandingPage_WHEN_CategoriesList_THEN_SelectedCategoryPageDisplayed -->
        <test-method is-config="true" signature="navBackHome()[pri:0, instance:testsDemoWebShop.TestsDemoWebShop@e72dba7]" started-at="2022-06-24T07:48:08 CEST" name="navBackHome" finished-at="2022-06-24T07:48:09 CEST" duration-ms="1055" status="PASS">
          <reporter-output>
          </reporter-output>
        </test-method> <!-- navBackHome -->
        <test-method is-config="true" signature="navBackHomeStr()[pri:0, instance:testsDemoWebShop.TestsDemoWebShop@e72dba7]" started-at="2022-06-24T07:48:09 CEST" name="navBackHomeStr" finished-at="2022-06-24T07:48:10 CEST" duration-ms="370" status="PASS">
          <reporter-output>
          </reporter-output>
        </test-method> <!-- navBackHomeStr -->
        <test-method signature="GIVEN_ShopperOnLandingPage_WHEN_CategoriesList_THEN_SelectedCategoryPageDisplayed(java.lang.String,java.lang.String)[pri:0, instance:testsDemoWebShop.TestsDemoWebShop@e72dba7]" started-at="2022-06-24T07:48:10 CEST" name="GIVEN_ShopperOnLandingPage_WHEN_CategoriesList_THEN_SelectedCategoryPageDisplayed" data-provider="Selection Category" finished-at="2022-06-24T07:48:11 CEST" duration-ms="1874" status="PASS">
          <params>
            <param index="0">
              <value>
                <![CDATA[Apparel & Shoes]]>
              </value>
            </param>
            <param index="1">
              <value>
                <![CDATA[4]]>
              </value>
            </param>
          </params>
          <reporter-output>
            <line>
              <![CDATA[User Story 2: Browse using the categories list]]>
            </line>
            <line>
              <![CDATA[Description : Apparel & Shoes - Contains Category - Apparel & Shoes]]>
            </line>
            <line>
              <![CDATA[Cart QTY = 1]]>
            </line>
            <line>
              <![CDATA[<a href='C:\AutoProgram\antoinetteExamEvalution\antoinetteExamEvalution\target\surefire-reports-20220624053735\imagesOn test Success074811.png'> <img src='C:\AutoProgram\antoinetteExamEvalution\antoinetteExamEvalution\target\surefire-reports-20220624053735\imagesOn test Success074811.png' height='200' with='200'/> </a>]]>
            </line>
          </reporter-output>
        </test-method> <!-- GIVEN_ShopperOnLandingPage_WHEN_CategoriesList_THEN_SelectedCategoryPageDisplayed -->
        <test-method is-config="true" signature="navBackHome()[pri:0, instance:testsDemoWebShop.TestsDemoWebShop@e72dba7]" started-at="2022-06-24T07:48:11 CEST" name="navBackHome" finished-at="2022-06-24T07:48:12 CEST" duration-ms="1034" status="PASS">
          <reporter-output>
          </reporter-output>
        </test-method> <!-- navBackHome -->
        <test-method is-config="true" signature="navBackHomeStr()[pri:0, instance:testsDemoWebShop.TestsDemoWebShop@e72dba7]" started-at="2022-06-24T07:48:12 CEST" name="navBackHomeStr" finished-at="2022-06-24T07:48:13 CEST" duration-ms="356" status="PASS">
          <reporter-output>
          </reporter-output>
        </test-method> <!-- navBackHomeStr -->
        <test-method signature="GIVEN_ShopperOnLandingPage_WHEN_CategoriesList_THEN_SelectedCategoryPageDisplayed(java.lang.String,java.lang.String)[pri:0, instance:testsDemoWebShop.TestsDemoWebShop@e72dba7]" started-at="2022-06-24T07:48:13 CEST" name="GIVEN_ShopperOnLandingPage_WHEN_CategoriesList_THEN_SelectedCategoryPageDisplayed" data-provider="Selection Category" finished-at="2022-06-24T07:48:15 CEST" duration-ms="1909" status="PASS">
          <params>
            <param index="0">
              <value>
                <![CDATA[Jewelry]]>
              </value>
            </param>
            <param index="1">
              <value>
                <![CDATA[2]]>
              </value>
            </param>
          </params>
          <reporter-output>
            <line>
              <![CDATA[User Story 2: Browse using the categories list]]>
            </line>
            <line>
              <![CDATA[Description : Jewelry - Contains Category - Jewelry]]>
            </line>
            <line>
              <![CDATA[Cart QTY = 1]]>
            </line>
            <line>
              <![CDATA[<a href='C:\AutoProgram\antoinetteExamEvalution\antoinetteExamEvalution\target\surefire-reports-20220624053735\imagesOn test Success074814.png'> <img src='C:\AutoProgram\antoinetteExamEvalution\antoinetteExamEvalution\target\surefire-reports-20220624053735\imagesOn test Success074814.png' height='200' with='200'/> </a>]]>
            </line>
          </reporter-output>
        </test-method> <!-- GIVEN_ShopperOnLandingPage_WHEN_CategoriesList_THEN_SelectedCategoryPageDisplayed -->
        <test-method is-config="true" signature="navBackHome()[pri:0, instance:testsDemoWebShop.TestsDemoWebShop@e72dba7]" started-at="2022-06-24T07:48:15 CEST" name="navBackHome" finished-at="2022-06-24T07:48:16 CEST" duration-ms="1145" status="PASS">
          <reporter-output>
          </reporter-output>
        </test-method> <!-- navBackHome -->
        <test-method is-config="true" signature="testCleanup()[pri:0, instance:testsDemoWebShop.TestsDemoWebShop@e72dba7]" started-at="2022-06-24T07:48:16 CEST" name="testCleanup" finished-at="2022-06-24T07:48:16 CEST" duration-ms="394" status="PASS">
          <reporter-output>
          </reporter-output>
        </test-method> <!-- testCleanup -->
      </class> <!-- testsDemoWebShop.TestsDemoWebShop -->
    </test> <!-- Default test -->
  </suite> <!-- Default suite -->
</testng-results>
