<?xml version="1.0" encoding="UTF-8"?>
<testng-results ignored="0" total="3" passed="3" failed="0" skipped="0">
  <reporter-output>
  </reporter-output>
  <suite started-at="2022-05-18T18:53:05 CEST" name="Regression Pack Demo Web Page" finished-at="2022-05-18T18:53:12 CEST" duration-ms="6814">
    <groups>
    </groups>
    <test started-at="2022-05-18T18:53:05 CEST" name="Test" finished-at="2022-05-18T18:53:12 CEST" duration-ms="6814">
      <class name="testsDemoWebShop.TestsDemoWebShop">
        <test-method signature="GIVEN_ShopperOnLandingPage_WHEN_TopMenuBar_THEN_SelectedCategoryPageDisplayed(java.lang.String,java.lang.String)[pri:0, instance:testsDemoWebShop.TestsDemoWebShop@51a06cbe]" started-at="2022-05-18T18:53:06 CEST" name="GIVEN_ShopperOnLandingPage_WHEN_TopMenuBar_THEN_SelectedCategoryPageDisplayed" data-provider="Selection Category" finished-at="2022-05-18T18:53:08 CEST" duration-ms="1631" status="PASS">
          <params>
            <param index="0">
              <value>
                <![CDATA[Books]]>
              </value>
            </param>
            <param index="1">
              <value>
                <![CDATA[1]]>
              </value>
            </param>
          </params>
          <reporter-output>
          </reporter-output>
        </test-method> <!-- GIVEN_ShopperOnLandingPage_WHEN_TopMenuBar_THEN_SelectedCategoryPageDisplayed -->
        <test-method signature="GIVEN_ShopperOnLandingPage_WHEN_TopMenuBar_THEN_SelectedCategoryPageDisplayed(java.lang.String,java.lang.String)[pri:0, instance:testsDemoWebShop.TestsDemoWebShop@51a06cbe]" started-at="2022-05-18T18:53:08 CEST" name="GIVEN_ShopperOnLandingPage_WHEN_TopMenuBar_THEN_SelectedCategoryPageDisplayed" data-provider="Selection Category" finished-at="2022-05-18T18:53:10 CEST" duration-ms="1637" status="PASS">
          <params>
            <param index="0">
              <value>
                <![CDATA[Electronics]]>
              </value>
            </param>
            <param index="1">
              <value>
                <![CDATA[1]]>
              </value>
            </param>
          </params>
          <reporter-output>
          </reporter-output>
        </test-method> <!-- GIVEN_ShopperOnLandingPage_WHEN_TopMenuBar_THEN_SelectedCategoryPageDisplayed -->
        <test-method signature="GIVEN_ShopperOnLandingPage_WHEN_TopMenuBar_THEN_SelectedCategoryPageDisplayed(java.lang.String,java.lang.String)[pri:0, instance:testsDemoWebShop.TestsDemoWebShop@51a06cbe]" started-at="2022-05-18T18:53:10 CEST" name="GIVEN_ShopperOnLandingPage_WHEN_TopMenuBar_THEN_SelectedCategoryPageDisplayed" data-provider="Selection Category" finished-at="2022-05-18T18:53:12 CEST" duration-ms="1238" status="PASS">
          <params>
            <param index="0">
              <value>
                <![CDATA[Jewelry]]>
              </value>
            </param>
            <param index="1">
              <value>
                <![CDATA[1]]>
              </value>
            </param>
          </params>
          <reporter-output>
          </reporter-output>
        </test-method> <!-- GIVEN_ShopperOnLandingPage_WHEN_TopMenuBar_THEN_SelectedCategoryPageDisplayed -->
      </class> <!-- testsDemoWebShop.TestsDemoWebShop -->
    </test> <!-- Test -->
  </suite> <!-- Regression Pack Demo Web Page -->
</testng-results>
